  [1m[35m (925.7ms)[0m  [1m[35mCREATE DATABASE "hello_rails_back_end__development" ENCODING = 'unicode'[0m
  [1m[35m (589.4ms)[0m  [1m[35mCREATE DATABASE "hello_rails_back_end__test" ENCODING = 'unicode'[0m
  [1m[35m (137.0ms)[0m  [1m[35mCREATE TABLE "schema_migrations" ("version" character varying NOT NULL PRIMARY KEY)[0m
  [1m[35m (71.4ms)[0m  [1m[35mCREATE TABLE "ar_internal_metadata" ("key" character varying NOT NULL PRIMARY KEY, "value" character varying, "created_at" timestamp(6) NOT NULL, "updated_at" timestamp(6) NOT NULL)[0m
  [1m[35m (0.3ms)[0m  [1m[34mSELECT pg_try_advisory_lock(5824802675558244420)[0m
  [1m[36mActiveRecord::SchemaMigration Pluck (0.4ms)[0m  [1m[34mSELECT "schema_migrations"."version" FROM "schema_migrations" ORDER BY "schema_migrations"."version" ASC[0m
Migrating to CreateGreetings (20220914082933)
  [1m[36mTRANSACTION (0.3ms)[0m  [1m[35mBEGIN[0m
  [1m[35m (79.1ms)[0m  [1m[35mCREATE TABLE "greetings" ("id" bigserial primary key, "greeting" character varying, "created_at" timestamp(6) NOT NULL, "updated_at" timestamp(6) NOT NULL)[0m
  [1m[36mActiveRecord::SchemaMigration Create (0.8ms)[0m  [1m[32mINSERT INTO "schema_migrations" ("version") VALUES ($1) RETURNING "version"[0m  [["version", "20220914082933"]]
  [1m[36mTRANSACTION (14.3ms)[0m  [1m[35mCOMMIT[0m
  [1m[36mActiveRecord::InternalMetadata Load (0.3ms)[0m  [1m[34mSELECT "ar_internal_metadata".* FROM "ar_internal_metadata" WHERE "ar_internal_metadata"."key" = $1 LIMIT $2[0m  [["key", "environment"], ["LIMIT", 1]]
  [1m[36mTRANSACTION (0.1ms)[0m  [1m[35mBEGIN[0m
  [1m[36mActiveRecord::InternalMetadata Create (0.4ms)[0m  [1m[32mINSERT INTO "ar_internal_metadata" ("key", "value", "created_at", "updated_at") VALUES ($1, $2, $3, $4) RETURNING "key"[0m  [["key", "environment"], ["value", "development"], ["created_at", "2022-09-14 08:31:22.642252"], ["updated_at", "2022-09-14 08:31:22.642252"]]
  [1m[36mTRANSACTION (1.6ms)[0m  [1m[35mCOMMIT[0m
  [1m[35m (0.3ms)[0m  [1m[34mSELECT pg_advisory_unlock(5824802675558244420)[0m
  [1m[36mActiveRecord::SchemaMigration Pluck (0.9ms)[0m  [1m[34mSELECT "schema_migrations"."version" FROM "schema_migrations" ORDER BY "schema_migrations"."version" ASC[0m
  [1m[36mActiveRecord::SchemaMigration Pluck (0.5ms)[0m  [1m[34mSELECT "schema_migrations"."version" FROM "schema_migrations" ORDER BY "schema_migrations"."version" ASC[0m
  [1m[36mTRANSACTION (0.1ms)[0m  [1m[35mBEGIN[0m
  [1m[36mGreeting Create (0.6ms)[0m  [1m[32mINSERT INTO "greetings" ("greeting", "created_at", "updated_at") VALUES ($1, $2, $3) RETURNING "id"[0m  [["greeting", "Hi"], ["created_at", "2022-09-14 08:39:15.960439"], ["updated_at", "2022-09-14 08:39:15.960439"]]
  [1m[36mTRANSACTION (18.1ms)[0m  [1m[35mCOMMIT[0m
  [1m[36mTRANSACTION (0.1ms)[0m  [1m[35mBEGIN[0m
  [1m[36mGreeting Create (0.3ms)[0m  [1m[32mINSERT INTO "greetings" ("greeting", "created_at", "updated_at") VALUES ($1, $2, $3) RETURNING "id"[0m  [["greeting", "Bonjour"], ["created_at", "2022-09-14 08:39:15.983109"], ["updated_at", "2022-09-14 08:39:15.983109"]]
  [1m[36mTRANSACTION (4.7ms)[0m  [1m[35mCOMMIT[0m
  [1m[36mTRANSACTION (0.1ms)[0m  [1m[35mBEGIN[0m
  [1m[36mGreeting Create (0.2ms)[0m  [1m[32mINSERT INTO "greetings" ("greeting", "created_at", "updated_at") VALUES ($1, $2, $3) RETURNING "id"[0m  [["greeting", "Habari"], ["created_at", "2022-09-14 08:39:15.991236"], ["updated_at", "2022-09-14 08:39:15.991236"]]
  [1m[36mTRANSACTION (5.0ms)[0m  [1m[35mCOMMIT[0m
  [1m[36mTRANSACTION (0.1ms)[0m  [1m[35mBEGIN[0m
  [1m[36mGreeting Create (0.3ms)[0m  [1m[32mINSERT INTO "greetings" ("greeting", "created_at", "updated_at") VALUES ($1, $2, $3) RETURNING "id"[0m  [["greeting", "ndewo"], ["created_at", "2022-09-14 08:39:15.999591"], ["updated_at", "2022-09-14 08:39:15.999591"]]
  [1m[36mTRANSACTION (4.7ms)[0m  [1m[35mCOMMIT[0m
  [1m[36mTRANSACTION (0.2ms)[0m  [1m[35mBEGIN[0m
  [1m[36mGreeting Create (0.3ms)[0m  [1m[32mINSERT INTO "greetings" ("greeting", "created_at", "updated_at") VALUES ($1, $2, $3) RETURNING "id"[0m  [["greeting", "Bwanji"], ["created_at", "2022-09-14 08:39:16.007671"], ["updated_at", "2022-09-14 08:39:16.007671"]]
  [1m[36mTRANSACTION (4.7ms)[0m  [1m[35mCOMMIT[0m
Started GET "/" for 127.0.0.1 at 2022-09-14 10:39:32 +0200
  [1m[36mActiveRecord::SchemaMigration Pluck (0.5ms)[0m  [1m[34mSELECT "schema_migrations"."version" FROM "schema_migrations" ORDER BY "schema_migrations"."version" ASC[0m
Processing by Api::V1::GreetingsController#index as HTML
  [1m[36mGreeting Load (11.7ms)[0m  [1m[34mSELECT "greetings".* FROM "greetings"[0m
  ↳ app/controllers/api/v1/greetings_controller.rb:4:in `index'
Completed 200 OK in 81ms (Views: 1.6ms | ActiveRecord: 15.6ms | Allocations: 8757)


Started GET "/" for 127.0.0.1 at 2022-09-14 10:39:32 +0200
Processing by Api::V1::GreetingsController#index as HTML
  [1m[36mGreeting Load (0.3ms)[0m  [1m[34mSELECT "greetings".* FROM "greetings"[0m
  ↳ app/controllers/api/v1/greetings_controller.rb:4:in `index'
Completed 200 OK in 6ms (Views: 0.3ms | ActiveRecord: 0.3ms | Allocations: 780)


Started GET "/" for 127.0.0.1 at 2022-09-14 10:39:38 +0200
Processing by Api::V1::GreetingsController#index as HTML
  [1m[36mGreeting Load (0.3ms)[0m  [1m[34mSELECT "greetings".* FROM "greetings"[0m
  ↳ app/controllers/api/v1/greetings_controller.rb:4:in `index'
Completed 200 OK in 2ms (Views: 0.4ms | ActiveRecord: 0.3ms | Allocations: 716)


Started GET "/" for 127.0.0.1 at 2022-09-14 10:42:17 +0200
  [1m[36mActiveRecord::SchemaMigration Pluck (0.5ms)[0m  [1m[34mSELECT "schema_migrations"."version" FROM "schema_migrations" ORDER BY "schema_migrations"."version" ASC[0m
Processing by Api::V1::GreetingsController#index as HTML
  [1m[36mGreeting Load (0.6ms)[0m  [1m[34mSELECT "greetings".* FROM "greetings"[0m
  ↳ app/controllers/api/v1/greetings_controller.rb:4:in `index'
Completed 200 OK in 26ms (Views: 0.9ms | ActiveRecord: 4.5ms | Allocations: 7909)


Started GET "/api/v1/greetings" for ::1 at 2022-09-14 10:43:11 +0200
Processing by Api::V1::GreetingsController#index as JSON
  [1m[36mGreeting Load (0.3ms)[0m  [1m[34mSELECT "greetings".* FROM "greetings"[0m
  ↳ app/controllers/api/v1/greetings_controller.rb:4:in `index'
Completed 200 OK in 3ms (Views: 0.5ms | ActiveRecord: 0.3ms | Allocations: 798)


Started GET "/api/v1/greetings" for ::1 at 2022-09-14 10:43:11 +0200
Processing by Api::V1::GreetingsController#index as JSON
  [1m[36mGreeting Load (0.3ms)[0m  [1m[34mSELECT "greetings".* FROM "greetings"[0m
  ↳ app/controllers/api/v1/greetings_controller.rb:4:in `index'
Completed 200 OK in 8ms (Views: 0.4ms | ActiveRecord: 0.3ms | Allocations: 696)


Started GET "/api/v1/greetings" for ::1 at 2022-09-14 10:43:16 +0200
Processing by Api::V1::GreetingsController#index as JSON
  [1m[36mGreeting Load (0.3ms)[0m  [1m[34mSELECT "greetings".* FROM "greetings"[0m
  ↳ app/controllers/api/v1/greetings_controller.rb:4:in `index'
Completed 200 OK in 3ms (Views: 0.3ms | ActiveRecord: 0.3ms | Allocations: 710)


Started GET "/api/v1/greetings" for ::1 at 2022-09-14 10:43:19 +0200
Processing by Api::V1::GreetingsController#index as JSON
  [1m[36mGreeting Load (0.3ms)[0m  [1m[34mSELECT "greetings".* FROM "greetings"[0m
  ↳ app/controllers/api/v1/greetings_controller.rb:4:in `index'
Completed 200 OK in 3ms (Views: 0.4ms | ActiveRecord: 0.3ms | Allocations: 713)


Started GET "/api/v1/greetings" for ::1 at 2022-09-14 10:43:20 +0200
Processing by Api::V1::GreetingsController#index as JSON
  [1m[36mGreeting Load (0.5ms)[0m  [1m[34mSELECT "greetings".* FROM "greetings"[0m
  ↳ app/controllers/api/v1/greetings_controller.rb:4:in `index'
Completed 200 OK in 2ms (Views: 0.3ms | ActiveRecord: 0.5ms | Allocations: 710)


Started GET "/api/v1/greetings" for ::1 at 2022-09-14 10:43:22 +0200
Processing by Api::V1::GreetingsController#index as JSON
  [1m[36mGreeting Load (0.4ms)[0m  [1m[34mSELECT "greetings".* FROM "greetings"[0m
  ↳ app/controllers/api/v1/greetings_controller.rb:4:in `index'
Completed 200 OK in 3ms (Views: 0.4ms | ActiveRecord: 0.4ms | Allocations: 696)


Started GET "/" for 127.0.0.1 at 2022-09-14 22:18:04 +0200
  [1m[36mActiveRecord::SchemaMigration Pluck (14.9ms)[0m  [1m[34mSELECT "schema_migrations"."version" FROM "schema_migrations" ORDER BY "schema_migrations"."version" ASC[0m
Processing by Api::V1::GreetingsController#index as HTML
  [1m[36mGreeting Load (10.9ms)[0m  [1m[34mSELECT "greetings".* FROM "greetings"[0m
  ↳ app/controllers/api/v1/greetings_controller.rb:4:in `index'
Completed 200 OK in 71ms (Views: 0.5ms | ActiveRecord: 14.9ms | Allocations: 7910)


Started GET "/" for 127.0.0.1 at 2022-09-15 11:11:27 +0200
  [1m[36mActiveRecord::SchemaMigration Pluck (26.0ms)[0m  [1m[34mSELECT "schema_migrations"."version" FROM "schema_migrations" ORDER BY "schema_migrations"."version" ASC[0m
Processing by Api::V1::GreetingsController#index as HTML
  [1m[36mGreeting Load (39.0ms)[0m  [1m[34mSELECT "greetings".* FROM "greetings"[0m
  ↳ app/controllers/api/v1/greetings_controller.rb:4:in `index'
Completed 200 OK in 138ms (Views: 0.7ms | ActiveRecord: 71.6ms | Allocations: 7909)


Started GET "/favicon.ico" for 127.0.0.1 at 2022-09-15 11:11:29 +0200
  
ActionController::RoutingError (No route matches [GET] "/favicon.ico"):
  
Started GET "/" for 127.0.0.1 at 2022-09-15 11:11:32 +0200
Processing by Api::V1::GreetingsController#index as HTML
  [1m[36mGreeting Load (0.2ms)[0m  [1m[34mSELECT "greetings".* FROM "greetings"[0m
  ↳ app/controllers/api/v1/greetings_controller.rb:4:in `index'
Completed 200 OK in 3ms (Views: 0.4ms | ActiveRecord: 0.2ms | Allocations: 877)


Started GET "/" for 127.0.0.1 at 2022-09-15 11:11:34 +0200
Processing by Api::V1::GreetingsController#index as HTML
  [1m[36mGreeting Load (0.4ms)[0m  [1m[34mSELECT "greetings".* FROM "greetings"[0m
  ↳ app/controllers/api/v1/greetings_controller.rb:4:in `index'
Completed 200 OK in 6ms (Views: 0.4ms | ActiveRecord: 0.4ms | Allocations: 712)


